
Now cubick looks like that : 
000000000
000000000
000000000
000000000
000000000
000000000

Now we see rendom commands0: 9
Now we see rendom commands1: 9
Now we see rendom commands2: 1
Now we see rendom commands3: 7
Now we see rendom commands4: 5
Now we see rendom commands5: 5
Now we see rendom commands6: 10
Now we see rendom commands7: 1
U' U' F' L' R' R' D F' 
Now cubick looks like that : 
000000000
000000000
000000000
000000000
000000000
000000000

Neispravniy cubick

Now cubick looks like that : 
000000000
000000000
000000000
000000000
000000000
000000000

